c:\users\samuel\desktop\cncsdkdemo\examples\example1-hello-cnc\cncsdkexample.dir\debug\vc143.pdb
c:\users\samuel\desktop\cncsdkdemo\examples\example1-hello-cnc\cncsdkexample.dir\debug\demo_helper_w32.obj
c:\users\samuel\desktop\cncsdkdemo\examples\example1-hello-cnc\cncsdkexample.dir\debug\cnc_demo_samples.obj
c:\users\samuel\desktop\cncsdkdemo\examples\example1-hello-cnc\cncsdkexample.dir\debug\cjson.obj
c:\users\samuel\desktop\cncsdkdemo\examples\example1-hello-cnc\cncsdkexample.dir\debug\cnc-wrapper.obj
c:\users\samuel\desktop\cncsdkdemo\examples\example1-hello-cnc\cncsdkexample.dir\debug\cnc-web-api.obj
c:\users\samuel\desktop\cncsdkdemo\examples\example1-hello-cnc\cncsdkexample.dir\debug\main.obj
c:\users\samuel\desktop\cncsdkdemo\examples\example1-hello-cnc\cmakefiles\generate.stamp
c:\users\samuel\desktop\cncsdkdemo\examples\example1-hello-cnc\dist\cncsdkexample.exe
c:\users\samuel\desktop\cncsdkdemo\examples\example1-hello-cnc\dist\cncsdkexample.pdb
c:\users\samuel\desktop\cncsdkdemo\examples\example1-hello-cnc\debug\cncsdkexample.lib
c:\users\samuel\desktop\cncsdkdemo\examples\example1-hello-cnc\debug\cncsdkexample.exp
c:\users\samuel\desktop\cncsdkdemo\examples\example1-hello-cnc\cncsdkexample.dir\debug\cncsdkexample.ilk
c:\users\samuel\desktop\cncsdkdemo\examples\example1-hello-cnc\cncsdkexample.dir\debug\cncsdkexample.tlog\cl.command.1.tlog
c:\users\samuel\desktop\cncsdkdemo\examples\example1-hello-cnc\cncsdkexample.dir\debug\cncsdkexample.tlog\cl.items.tlog
c:\users\samuel\desktop\cncsdkdemo\examples\example1-hello-cnc\cncsdkexample.dir\debug\cncsdkexample.tlog\cl.read.1.tlog
c:\users\samuel\desktop\cncsdkdemo\examples\example1-hello-cnc\cncsdkexample.dir\debug\cncsdkexample.tlog\cl.write.1.tlog
c:\users\samuel\desktop\cncsdkdemo\examples\example1-hello-cnc\cncsdkexample.dir\debug\cncsdkexample.tlog\custombuild.command.1.tlog
c:\users\samuel\desktop\cncsdkdemo\examples\example1-hello-cnc\cncsdkexample.dir\debug\cncsdkexample.tlog\custombuild.read.1.tlog
c:\users\samuel\desktop\cncsdkdemo\examples\example1-hello-cnc\cncsdkexample.dir\debug\cncsdkexample.tlog\custombuild.write.1.tlog
c:\users\samuel\desktop\cncsdkdemo\examples\example1-hello-cnc\cncsdkexample.dir\debug\cncsdkexample.tlog\link.command.1.tlog
c:\users\samuel\desktop\cncsdkdemo\examples\example1-hello-cnc\cncsdkexample.dir\debug\cncsdkexample.tlog\link.read.1.tlog
c:\users\samuel\desktop\cncsdkdemo\examples\example1-hello-cnc\cncsdkexample.dir\debug\cncsdkexample.tlog\link.secondary.1.tlog
c:\users\samuel\desktop\cncsdkdemo\examples\example1-hello-cnc\cncsdkexample.dir\debug\cncsdkexample.tlog\link.write.1.tlog
